<?xml version="1.0" encoding="utf-8"?><testsuites name="pytest tests"><testsuite name="pytest" errors="0" failures="0" skipped="0" tests="13" time="5.524" timestamp="2026-08-23T11:08:26.925161+00:00" hostname="agent-env-1b8200cd-4fdd-4885-b743-274329e19872"><testcase classname="tests.backend_test.TestAuth" name="test_health" time="0.234" /><testcase classname="tests.backend_test.TestAuth" name="test_login_admin_and_me" time="0.497" /><testcase classname="tests.backend_test.TestTasks" name="test_create_list_get" time="1.103" /><testcase classname="tests.backend_test.TestAuth" name="test_login_bad_password" time="0.321" /><testcase classname="tests.backend_test.TestBoards" name="test_list_and_create_and_patch" time="0.607" /><testcase classname="tests.backend_test.TestTasks" name="test_patch_moves_and_cancel_reason" time="0.508" /><testcase classname="tests.backend_test.TestTasks" name="test_convert_subtask" time="0.576" /><testcase classname="tests.backend_test.TestBoards" name="test_member_add_remove" time="0.645" /><testcase classname="tests.backend_test.TestCommentsNotifications" name="test_mention_creates_notification" time="1.528" /><testcase classname="tests.backend_test.TestRoleVisibility" name="test_member_task_scope_and_forbidden_writes" time="1.335" /><testcase classname="tests.backend_test.TestRoleVisibility" name="test_super_admin_can_change_role" time="0.826" /><testcase classname="tests.backend_test.TestFiles" name="test_upload_download_roundtrip" time="0.951" /><testcase classname="tests.backend_test.TestDashboard" name="test_summary_shape" time="0.373" /></testsuite></testsuites>